  app.cpp
C:\Projects\DelaysExpected\ProgramProjects\NodeCanvas\NodeCanvas\src\app.cpp(43,23): error C2589: '(': illegal token on right side of '::'
C:\Projects\DelaysExpected\ProgramProjects\NodeCanvas\NodeCanvas\src\app.cpp(43,23): error C2059: syntax error: ')'
  canvas.cpp
C:\Projects\DelaysExpected\ProgramProjects\NodeCanvas\NodeCanvas\src\canvas.cpp(34,17): error C2228: left of '.ShowContextMenu' must have class/struct/union
      C:\Projects\DelaysExpected\ProgramProjects\NodeCanvas\NodeCanvas\src\canvas.cpp(34,17):
      type is 'UI *'
      C:\Projects\DelaysExpected\ProgramProjects\NodeCanvas\NodeCanvas\src\canvas.cpp(34,17):
      did you intend to use '->' instead?
  
C:\Projects\DelaysExpected\ProgramProjects\NodeCanvas\NodeCanvas\src\canvas.cpp(117,52): warning C4244: '=': conversion from 'float' to 'LONG', possible loss of data
C:\Projects\DelaysExpected\ProgramProjects\NodeCanvas\NodeCanvas\src\canvas.cpp(118,54): warning C4244: '=': conversion from 'float' to 'LONG', possible loss of data
  fileio.cpp
C:\Projects\DelaysExpected\ProgramProjects\NodeCanvas\NodeCanvas\src\fileio.cpp(7,10): error C2027: use of undefined type 'App'
      C:\Projects\DelaysExpected\ProgramProjects\NodeCanvas\NodeCanvas\include\fileio.h(7,8):
      see declaration of 'App'
  
C:\Projects\DelaysExpected\ProgramProjects\NodeCanvas\NodeCanvas\src\fileio.cpp(24,25): error C2027: use of undefined type 'App'
      C:\Projects\DelaysExpected\ProgramProjects\NodeCanvas\NodeCanvas\include\fileio.h(7,8):
      see declaration of 'App'
  
C:\Projects\DelaysExpected\ProgramProjects\NodeCanvas\NodeCanvas\src\fileio.cpp(42,17): error C2027: use of undefined type 'App'
      C:\Projects\DelaysExpected\ProgramProjects\NodeCanvas\NodeCanvas\include\fileio.h(7,8):
      see declaration of 'App'
  
C:\Projects\DelaysExpected\ProgramProjects\NodeCanvas\NodeCanvas\src\fileio.cpp(43,16): error C2027: use of undefined type 'App'
      C:\Projects\DelaysExpected\ProgramProjects\NodeCanvas\NodeCanvas\include\fileio.h(7,8):
      see declaration of 'App'
  
C:\Projects\DelaysExpected\ProgramProjects\NodeCanvas\NodeCanvas\src\fileio.cpp(43,44): error C2027: use of undefined type 'App'
      C:\Projects\DelaysExpected\ProgramProjects\NodeCanvas\NodeCanvas\include\fileio.h(7,8):
      see declaration of 'App'
  
C:\Projects\DelaysExpected\ProgramProjects\NodeCanvas\NodeCanvas\src\fileio.cpp(43,9): error C2660: 'fwrite': function does not take 3 arguments
      C:\Program Files (x86)\Windows Kits\10\Include\10.0.22621.0\ucrt\stdio.h(297,29):
      see declaration of 'fwrite'
      C:\Projects\DelaysExpected\ProgramProjects\NodeCanvas\NodeCanvas\src\fileio.cpp(43,9):
      while trying to match the argument list '()'
  
C:\Projects\DelaysExpected\ProgramProjects\NodeCanvas\NodeCanvas\src\fileio.cpp(45,9): error C2027: use of undefined type 'App'
      C:\Projects\DelaysExpected\ProgramProjects\NodeCanvas\NodeCanvas\include\fileio.h(7,8):
      see declaration of 'App'
  
C:\Projects\DelaysExpected\ProgramProjects\NodeCanvas\NodeCanvas\src\fileio.cpp(52,21): error C2027: use of undefined type 'App'
      C:\Projects\DelaysExpected\ProgramProjects\NodeCanvas\NodeCanvas\include\fileio.h(7,8):
      see declaration of 'App'
  
C:\Projects\DelaysExpected\ProgramProjects\NodeCanvas\NodeCanvas\src\fileio.cpp(61,13): error C2027: use of undefined type 'App'
      C:\Projects\DelaysExpected\ProgramProjects\NodeCanvas\NodeCanvas\include\fileio.h(7,8):
      see declaration of 'App'
  
C:\Projects\DelaysExpected\ProgramProjects\NodeCanvas\NodeCanvas\src\fileio.cpp(62,20): error C2027: use of undefined type 'App'
      C:\Projects\DelaysExpected\ProgramProjects\NodeCanvas\NodeCanvas\include\fileio.h(7,8):
      see declaration of 'App'
  
C:\Projects\DelaysExpected\ProgramProjects\NodeCanvas\NodeCanvas\src\fileio.cpp(63,17): error C2027: use of undefined type 'App'
      C:\Projects\DelaysExpected\ProgramProjects\NodeCanvas\NodeCanvas\include\fileio.h(7,8):
      see declaration of 'App'
  
C:\Projects\DelaysExpected\ProgramProjects\NodeCanvas\NodeCanvas\src\fileio.cpp(63,37): error C2065: 'MAX_THINGS': undeclared identifier
C:\Projects\DelaysExpected\ProgramProjects\NodeCanvas\NodeCanvas\src\fileio.cpp(64,23): error C2027: use of undefined type 'App'
      C:\Projects\DelaysExpected\ProgramProjects\NodeCanvas\NodeCanvas\include\fileio.h(7,8):
      see declaration of 'App'
  
C:\Projects\DelaysExpected\ProgramProjects\NodeCanvas\NodeCanvas\src\fileio.cpp(64,51): error C2027: use of undefined type 'App'
      C:\Projects\DelaysExpected\ProgramProjects\NodeCanvas\NodeCanvas\include\fileio.h(7,8):
      see declaration of 'App'
  
C:\Projects\DelaysExpected\ProgramProjects\NodeCanvas\NodeCanvas\src\fileio.cpp(64,17): error C2660: 'fread': function does not take 3 arguments
      C:\Program Files (x86)\Windows Kits\10\Include\10.0.22621.0\ucrt\stdio.h(239,29):
      see declaration of 'fread'
      C:\Projects\DelaysExpected\ProgramProjects\NodeCanvas\NodeCanvas\src\fileio.cpp(64,17):
      while trying to match the argument list '()'
  
C:\Projects\DelaysExpected\ProgramProjects\NodeCanvas\NodeCanvas\src\fileio.cpp(69,13): error C2027: use of undefined type 'App'
      C:\Projects\DelaysExpected\ProgramProjects\NodeCanvas\NodeCanvas\include\fileio.h(7,8):
      see declaration of 'App'
  
C:\Projects\DelaysExpected\ProgramProjects\NodeCanvas\NodeCanvas\src\fileio.cpp(70,28): error C2027: use of undefined type 'App'
      C:\Projects\DelaysExpected\ProgramProjects\NodeCanvas\NodeCanvas\include\fileio.h(7,8):
      see declaration of 'App'
  
  main.cpp
  render.cpp
  ui.cpp
C:\Projects\DelaysExpected\ProgramProjects\NodeCanvas\NodeCanvas\src\ui.cpp(36,21): error C2228: left of '.AddNode' must have class/struct/union
      C:\Projects\DelaysExpected\ProgramProjects\NodeCanvas\NodeCanvas\src\ui.cpp(36,21):
      type is 'Canvas *'
      C:\Projects\DelaysExpected\ProgramProjects\NodeCanvas\NodeCanvas\src\ui.cpp(36,21):
      did you intend to use '->' instead?
  
  Generating Code...
